ID: 1204182262289440800
Date: Mon Dec 09 23:33:18 +0000 2019
Tweet: 🔗 s0m se junta à Gen.G; SicK chega como stand-in - https://t.co/ybRoutlX6r #Draft5gg https://t.co/1MBJF4kc9E
Retweets: 0
ID: 1204181791382343700
Date: Mon Dec 09 23:31:26 +0000 2019
Tweet: @wearypancake I'm glad we agree that gen 4 is best gen
Retweets: 0
ID: 1204181501702594600
Date: Mon Dec 09 23:30:17 +0000 2019
Tweet: RT @PUBG_DMM: 【#PWI2019 海外チーム発表】

환영 / From🇰🇷PKL
Gen.G（ @GenG ）
OGN Entus Force（ @ENTUS_Progaming ）
DeToNator（ @dtn_kr ）

ยินดีต้อนรับ / Fr…
Retweets: 798
ID: 1204181292994068500
Date: Mon Dec 09 23:29:27 +0000 2019
Tweet: RT @HLTVorg: Gen.G confirm s0m signing https://t.co/37rSZvqV9t
Retweets: 25
ID: 1204181143509065700
Date: Mon Dec 09 23:28:51 +0000 2019
Tweet: RT @HLTVorg: Gen.G confirm s0m signing https://t.co/37rSZvqV9t
Retweets: 25
ID: 1204182475716456400
Date: Mon Dec 09 23:34:09 +0000 2019
Tweet: 来年のLCKの予想順位

1-Damwon Gaming
2-Gen.G
3-Kingzone DragonX
4-T1
5-Sandbox Gaming
6-Griffin
7-KT Rolster
8-Hanwha Life… https://t.co/7PPG30zicG
Retweets: 0
ID: 1204182262289440800
Date: Mon Dec 09 23:33:18 +0000 2019
Tweet: 🔗 s0m se junta à Gen.G; SicK chega como stand-in - https://t.co/ybRoutlX6r #Draft5gg https://t.co/1MBJF4kc9E
Retweets: 0
ID: 1204181791382343700
Date: Mon Dec 09 23:31:26 +0000 2019
Tweet: @wearypancake I'm glad we agree that gen 4 is best gen
Retweets: 0
ID: 1204181501702594600
Date: Mon Dec 09 23:30:17 +0000 2019
Tweet: RT @PUBG_DMM: 【#PWI2019 海外チーム発表】

환영 / From🇰🇷PKL
Gen.G（ @GenG ）
OGN Entus Force（ @ENTUS_Progaming ）
DeToNator（ @dtn_kr ）

ยินดีต้อนรับ / Fr…
Retweets: 798
ID: 1204181292994068500
Date: Mon Dec 09 23:29:27 +0000 2019
Tweet: RT @HLTVorg: Gen.G confirm s0m signing https://t.co/37rSZvqV9t
Retweets: 25
ID: 1204182475716456400
Date: Mon Dec 09 23:34:09 +0000 2019
Tweet: 来年のLCKの予想順位

1-Damwon Gaming
2-Gen.G
3-Kingzone DragonX
4-T1
5-Sandbox Gaming
6-Griffin
7-KT Rolster
8-Hanwha Life… https://t.co/7PPG30zicG
Retweets: 0
ID: 1204182262289440800
Date: Mon Dec 09 23:33:18 +0000 2019
Tweet: 🔗 s0m se junta à Gen.G; SicK chega como stand-in - https://t.co/ybRoutlX6r #Draft5gg https://t.co/1MBJF4kc9E
Retweets: 0
ID: 1204181791382343700
Date: Mon Dec 09 23:31:26 +0000 2019
Tweet: @wearypancake I'm glad we agree that gen 4 is best gen
Retweets: 0
ID: 1204181501702594600
Date: Mon Dec 09 23:30:17 +0000 2019
Tweet: RT @PUBG_DMM: 【#PWI2019 海外チーム発表】

환영 / From🇰🇷PKL
Gen.G（ @GenG ）
OGN Entus Force（ @ENTUS_Progaming ）
DeToNator（ @dtn_kr ）

ยินดีต้อนรับ / Fr…
Retweets: 798
ID: 1204181292994068500
Date: Mon Dec 09 23:29:27 +0000 2019
Tweet: RT @HLTVorg: Gen.G confirm s0m signing https://t.co/37rSZvqV9t
Retweets: 25
ID: 1204182999828320300
Date: Mon Dec 09 23:36:14 +0000 2019
Tweet: RT @PUBG_DMM: 【#PWI2019 海外チーム発表】

환영 / From🇰🇷PKL
Gen.G（ @GenG ）
OGN Entus Force（ @ENTUS_Progaming ）
DeToNator（ @dtn_kr ）

ยินดีต้อนรับ / Fr…
Retweets: 799
ID: 1204182952566907000
Date: Mon Dec 09 23:36:03 +0000 2019
Tweet: @wearypancake we all know that the music be better in gen 4 anyway
Retweets: 0
ID: 1204182475716456400
Date: Mon Dec 09 23:34:09 +0000 2019
Tweet: 来年のLCKの予想順位

1-Damwon Gaming
2-Gen.G
3-Kingzone DragonX
4-T1
5-Sandbox Gaming
6-Griffin
7-KT Rolster
8-Hanwha Life… https://t.co/7PPG30zicG
Retweets: 0
ID: 1204182262289440800
Date: Mon Dec 09 23:33:18 +0000 2019
Tweet: 🔗 s0m se junta à Gen.G; SicK chega como stand-in - https://t.co/ybRoutlX6r #Draft5gg https://t.co/1MBJF4kc9E
Retweets: 0
ID: 1204181791382343700
Date: Mon Dec 09 23:31:26 +0000 2019
Tweet: @wearypancake I'm glad we agree that gen 4 is best gen
Retweets: 0
ID: 1204183251205537800
Date: Mon Dec 09 23:37:14 +0000 2019
Tweet: RT @HLTVorg: Gen.G confirm s0m signing https://t.co/37rSZvqV9t
Retweets: 26
ID: 1204182999828320300
Date: Mon Dec 09 23:36:14 +0000 2019
Tweet: RT @PUBG_DMM: 【#PWI2019 海外チーム発表】

환영 / From🇰🇷PKL
Gen.G（ @GenG ）
OGN Entus Force（ @ENTUS_Progaming ）
DeToNator（ @dtn_kr ）

ยินดีต้อนรับ / Fr…
Retweets: 799
ID: 1204182952566907000
Date: Mon Dec 09 23:36:03 +0000 2019
Tweet: @wearypancake we all know that the music be better in gen 4 anyway
Retweets: 0
ID: 1204182475716456400
Date: Mon Dec 09 23:34:09 +0000 2019
Tweet: 来年のLCKの予想順位

1-Damwon Gaming
2-Gen.G
3-Kingzone DragonX
4-T1
5-Sandbox Gaming
6-Griffin
7-KT Rolster
8-Hanwha Life… https://t.co/7PPG30zicG
Retweets: 0
ID: 1204182262289440800
Date: Mon Dec 09 23:33:18 +0000 2019
Tweet: 🔗 s0m se junta à Gen.G; SicK chega como stand-in - https://t.co/ybRoutlX6r #Draft5gg https://t.co/1MBJF4kc9E
Retweets: 0
ID: 1204186372518617000
Date: Mon Dec 09 23:49:38 +0000 2019
Tweet: RT @NASCARonNBC: @NASCAR To recap...

@DaleJr is working on the scan of North Wilkesboro.

The Next Gen. Car test at @ISMRaceway, and it lo…
Retweets: 12
ID: 1204185597784412200
Date: Mon Dec 09 23:46:33 +0000 2019
Tweet: RT @HLTVorg: Gen.G confirm s0m signing https://t.co/37rSZvqV9t
Retweets: 29
ID: 1204185527685173200
Date: Mon Dec 09 23:46:17 +0000 2019
Tweet: @Yang091999 @JoeMar @T1LoL @faker offer a better ofert, gen g is trash, lost khan to fpx its a mistake to
Retweets: 0
ID: 1204185204748894200
Date: Mon Dec 09 23:45:00 +0000 2019
Tweet: RT @HLTVorg: Gen.G confirm s0m signing https://t.co/37rSZvqV9t
Retweets: 29
ID: 1204184658898030600
Date: Mon Dec 09 23:42:50 +0000 2019
Tweet: RT @HLTVorg: Gen.G confirm s0m signing https://t.co/37rSZvqV9t
Retweets: 29
No.: 0
ID: 1204188392717766700
Date: Mon Dec 09 23:57:40 +0000 2019
Tweet: RT @markknoller: From Atty Gen Barr on I.G. report on FBI probe of Trump Campaign and Russia: He says it "now makes clear that the FBI laun…
Retweets: 168
No.: 1
ID: 1204188086768472000
Date: Mon Dec 09 23:56:27 +0000 2019
Tweet: @HLTVorg STEWIE2K CONFIRMED GEN.G
Retweets: 0
No.: 2
ID: 1204187945625931800
Date: Mon Dec 09 23:55:53 +0000 2019
Tweet: RT @NASCARonNBC: @NASCAR To recap...

@DaleJr is working on the scan of North Wilkesboro.

The Next Gen. Car test at @ISMRaceway, and it lo…
Retweets: 13
No.: 3
ID: 1204187909492027400
Date: Mon Dec 09 23:55:45 +0000 2019
Tweet: RT @markknoller: From Atty Gen Barr on I.G. report on FBI probe of Trump Campaign and Russia: He says it "now makes clear that the FBI laun…
Retweets: 168
No.: 4
ID: 1204187886418944000
Date: Mon Dec 09 23:55:39 +0000 2019
Tweet: RT @malice_sanaa: Don't mind her, That's A 3rd gen kpp problem, they don't know anything abt history!
Tell her
Tone of vips knew &amp; joined B…
Retweets: 16
No.: 1
ID: 1204308237870227500
Date: Tue Dec 10 07:53:53 +0000 2019
Tweet: @gen_runa_0128 るな！どこにいる？
Retweets: 0
No.: 2
ID: 1204308039748083700
Date: Tue Dec 10 07:53:06 +0000 2019
Tweet: @aru_gen_aru_gen ありがとー！
Retweets: 0
No.: 3
ID: 1204307716107227100
Date: Tue Dec 10 07:51:49 +0000 2019
Tweet: he hugged him tightly, kissing all over his face. 

      “you’re a ge— gen— g—“ https://t.co/sCzyaiwmdz
Retweets: 0
No.: 4
ID: 1204306379772575700
Date: Tue Dec 10 07:46:30 +0000 2019
Tweet: @tao__g いる！
Retweets: 0
No.: 5
ID: 1204306252999753700
Date: Tue Dec 10 07:46:00 +0000 2019
Tweet: @ice_gen_1928 
赤のパーカー着てセブン前にいる！？
Retweets: 0
